java.util.concurrent.TimeoutException: Future timed out after [30 seconds]
  scala.concurrent.Future$.timeoutError(Future.scala:581)
  scala.concurrent.impl.Promise$DefaultPromise.tryAwait0(Promise.scala:258)
  scala.concurrent.impl.Promise$DefaultPromise.result(Promise.scala:271)
  scala.concurrent.Await$.$anonfun$result$1(package.scala:208)
  scala.concurrent.BlockContext$DefaultBlockContext$.blockOn(BlockContext.scala:62)
  scala.concurrent.Await$.result(package.scala:125)
  bloop.rifle.internal.Operations$.timeout(Operations.scala:534)
  bloop.rifle.internal.Operations$.about(Operations.scala:503)
  bloop.rifle.BloopRifle$.getCurrentBloopVersion(BloopRifle.scala:158)
  bloop.rifle.BloopServer$.ensureBloopRunning(BloopServer.scala:84)
  bloop.rifle.BloopServer$.bsp(BloopServer.scala:156)
  bloop.rifle.BloopServer$.buildServer(BloopServer.scala:186)
  scala.build.compiler.BloopCompilerMaker.$anonfun$1$$anonfun$1(BloopCompilerMaker.scala:56)
  scala.build.package$package$.helper$1(package.scala:16)
  scala.build.package$package$.retry(package.scala:29)
  scala.build.compiler.BloopCompilerMaker.$anonfun$1(BloopCompilerMaker.scala:58)
  scala.build.compiler.BloopCompiler.<init>(BloopCompiler.scala:12)
  scala.build.compiler.BloopCompilerMaker.$anonfun$2(BloopCompilerMaker.scala:60)
  scala.util.Try$.apply(Try.scala:217)
  scala.build.compiler.BloopCompilerMaker.create(BloopCompilerMaker.scala:60)
  scala.build.compiler.ScalaCompilerMaker.withCompiler(ScalaCompilerMaker.scala:34)
  scala.build.compiler.ScalaCompilerMaker.withCompiler$(ScalaCompilerMaker.scala:9)
  scala.build.compiler.BloopCompilerMaker.withCompiler(BloopCompilerMaker.scala:14)
  scala.build.Build$.build$$anonfun$3(Build.scala:640)
  scala.build.EitherCps$Helper.apply(EitherCps.scala:19)
  scala.build.Build$.build(Build.scala:615)
  scala.cli.commands.compile.Compile$.runCommand(Compile.scala:135)
  scala.cli.commands.compile.Compile$.runCommand(Compile.scala:38)
  scala.cli.commands.ScalaCommand.run(ScalaCommand.scala:400)
  scala.cli.commands.ScalaCommand.run(ScalaCommand.scala:381)
  caseapp.core.app.CaseApp.main(CaseApp.scala:166)
  scala.cli.commands.ScalaCommand.main(ScalaCommand.scala:366)
  caseapp.core.app.CommandsEntryPoint.main(CommandsEntryPoint.scala:370)
  scala.cli.ScalaCliCommands.main(ScalaCliCommands.scala:125)
  scala.cli.ScalaCli$.main0$$anonfun$1(ScalaCli.scala:338)
  scala.runtime.function.JProcedure1.apply(JProcedure1.java:15)
  scala.runtime.function.JProcedure1.apply(JProcedure1.java:10)
  scala.build.EitherCps$Helper.apply(EitherCps.scala:19)
  scala.cli.ScalaCli$.main0(ScalaCli.scala:239)
  scala.cli.ScalaCli$.main(ScalaCli.scala:123)
  scala.cli.ScalaCli.main(ScalaCli.scala)
